<?xml version="1.0" encoding="UTF-8"?>
<!-- Generated by org.testng.reporters.JUnitReportReporter -->
<testsuite skipped="0" hostname="ANUSHA19" name="testng.B" tests="1" failures="0" timestamp="16 Nov 2018 03:38:29 GMT" time="0.031" errors="0">
  <testcase name="Bmethod2" time="0.031" classname="testng.B"/>
</testsuite> <!-- testng.B -->
